<?xml version="1.0" encoding="UTF-8"?>
<!-- Generated by org.testng.reporters.JUnitReportReporter -->
<testsuite skipped="0" hostname="DAWN" name="challenge2.mmt.tests.SearchFlightTest" tests="1" failures="0" timestamp="23 Apr 2019 16:10:22 GMT" time="35.211" errors="0">
  <testcase name="searchFlights" time="35.211" classname="challenge2.mmt.tests.SearchFlightTest"/>
</testsuite> <!-- challenge2.mmt.tests.SearchFlightTest -->
