<?xml version="1.0" encoding="UTF-8"?>
<!-- Generated by org.testng.reporters.JUnitReportReporter -->
<testsuite skipped="0" hostname="DAWN" name="challenge2.mmt.tests.SearchFlightTest" tests="1" failures="0" timestamp="23 Apr 2019 14:31:17 GMT" time="45.171" errors="0">
  <testcase name="searchFlights" time="45.171" classname="challenge2.mmt.tests.SearchFlightTest"/>
</testsuite> <!-- challenge2.mmt.tests.SearchFlightTest -->
