<?xml version="1.0" encoding="UTF-8"?>
<!-- Generated by org.testng.reporters.JUnitReportReporter -->
<testsuite skipped="0" hostname="DAWN" name="challenge2.mmt.tests.SearchFlightTest" tests="1" failures="0" timestamp="24 Apr 2019 19:06:54 GMT" time="13.389" errors="0">
  <testcase name="searchFlights" time="13.389" classname="challenge2.mmt.tests.SearchFlightTest"/>
</testsuite> <!-- challenge2.mmt.tests.SearchFlightTest -->
