<?xml version="1.0" encoding="UTF-8"?>
<!-- Generated by org.testng.reporters.JUnitReportReporter -->
<testsuite skipped="0" hostname="DAWN" name="challenge2.mmt.tests.FlightPrices" tests="3" failures="0" timestamp="23 Apr 2019 14:31:17 GMT" time="13.269" errors="0">
  <testcase name="FlightPrices" time="4.483" classname="challenge2.mmt.tests.FlightPrices"/>
  <testcase name="FlightPrices" time="4.292" classname="challenge2.mmt.tests.FlightPrices"/>
  <testcase name="FlightPrices" time="4.494" classname="challenge2.mmt.tests.FlightPrices"/>
</testsuite> <!-- challenge2.mmt.tests.FlightPrices -->
