<?xml version="1.0" encoding="UTF-8"?>
<!-- Generated by org.testng.reporters.JUnitReportReporter -->
<testsuite skipped="0" hostname="DAWN" name="challenge2.mmt.tests.FlightCounts" tests="3" failures="0" timestamp="23 Apr 2019 14:31:17 GMT" time="34.953" errors="0">
  <testcase name="NoFilterFlightCounts" time="6.712" classname="challenge2.mmt.tests.FlightCounts"/>
  <testcase name="NoStopsFlightCount" time="5.205" classname="challenge2.mmt.tests.FlightCounts"/>
  <testcase name="OnStopFlightCount" time="23.036" classname="challenge2.mmt.tests.FlightCounts"/>
</testsuite> <!-- challenge2.mmt.tests.FlightCounts -->
