<?xml version="1.0" encoding="UTF-8"?>
<!-- Generated by org.testng.reporters.JUnitReportReporter -->
<testsuite skipped="0" hostname="DAWN" name="challenge2.mmt.tests.FlightPrices" tests="3" failures="0" timestamp="24 Apr 2019 02:51:12 GMT" time="17.142" errors="0">
  <testcase name="FlightPrice" time="5.966" classname="challenge2.mmt.tests.FlightPrices"/>
  <testcase name="FlightPrice" time="5.358" classname="challenge2.mmt.tests.FlightPrices"/>
  <testcase name="FlightPrice" time="5.818" classname="challenge2.mmt.tests.FlightPrices"/>
</testsuite> <!-- challenge2.mmt.tests.FlightPrices -->
