<?xml version="1.0" encoding="UTF-8"?>
<!-- Generated by org.testng.reporters.JUnitReportReporter -->
<testsuite skipped="0" hostname="DAWN" name="challenge2.mmt.tests.FlightCounts" tests="3" failures="0" timestamp="24 Apr 2019 02:51:12 GMT" time="20.710" errors="0">
  <testcase name="NoFilterFlightCounts" time="7.416" classname="challenge2.mmt.tests.FlightCounts"/>
  <testcase name="NoStopsFlightCount" time="7.588" classname="challenge2.mmt.tests.FlightCounts"/>
  <testcase name="OnStopFlightCount" time="5.706" classname="challenge2.mmt.tests.FlightCounts"/>
</testsuite> <!-- challenge2.mmt.tests.FlightCounts -->
